t in f 0.000000
external rho 0.000000
total rho 0.000000
t in f 0.010000
external rho 0.000000
total rho 0.000000
t in f 0.002000
external rho 0.000000
total rho 0.000000
t in f 0.003000
external rho 0.000000
total rho 0.000000
t in f 0.008000
external rho 0.000000
total rho 0.000000
t in f 0.008889
external rho 0.000000
total rho 0.000000
t in f 0.010000
external rho 0.000000
total rho 0.000000
t in f 0.010000
external rho 0.000000
total rho 0.000000
t in f 0.001459
external rho 0.000000
total rho 0.000000
t in f 0.002189
external rho 0.000000
total rho 0.000000
t in f 0.005836
external rho 0.000000
total rho 0.000000
t in f 0.006485
external rho 0.000000
total rho 0.000000
t in f 0.007295
external rho 0.000000
total rho 0.000000
t in f 0.007295
external rho 0.000000
total rho 0.000000
t in f 0.001123
external rho 0.000000
total rho 0.000000
t in f 0.001684
external rho 0.000000
total rho 0.000000
t in f 0.004492
external rho 0.000000
total rho 0.000000
t in f 0.004991
external rho 0.000000
total rho 0.000000
t in f 0.005615
external rho 0.000000
total rho 0.000000
t in f 0.005615
external rho 0.000000
total rho 0.000000
t in f 0.000674
external rho 0.000000
total rho 0.000000
t in f 0.001011
external rho 0.000000
total rho 0.000000
t in f 0.002697
external rho 0.000000
total rho 0.000000
t in f 0.002997
external rho 0.000000
total rho 0.000000
t in f 0.003371
external rho 0.000000
total rho 0.000000
t in f 0.003371
external rho 0.000000
total rho 0.000000
t in f 0.004046
external rho 0.000000
total rho 0.000000
t in f 0.004383
external rho 0.000000
total rho 0.000000
t in f 0.006069
external rho 0.000000
total rho 0.000000
t in f 0.006368
external rho 0.000000
total rho 0.000000
t in f 0.006743
external rho 0.000000
total rho 0.000000
t in f 0.006743
external rho 0.000000
total rho 0.000000
t in f 0.003963
external rho 0.000000
total rho 0.000000
t in f 0.004259
external rho 0.000000
total rho 0.000000
t in f 0.005738
external rho 0.000000
total rho 0.000000
t in f 0.006001
external rho 0.000000
total rho 0.000000
t in f 0.006330
external rho 0.000000
total rho 0.000000
t in f 0.006330
external rho 0.000000
total rho 0.000000
t in f 0.003902
external rho 0.000000
total rho 0.000000
t in f 0.004168
external rho 0.000000
total rho 0.000000
t in f 0.005495
external rho 0.000000
total rho 0.000000
t in f 0.005731
external rho 0.000000
total rho 0.000000
t in f 0.006026
external rho 0.000000
total rho 0.000000
t in f 0.006026
external rho 0.000000
total rho 0.000000
t in f 0.006362
external rho 0.000000
total rho 0.000000
t in f 0.006530
external rho 0.000000
total rho 0.000000
t in f 0.007369
external rho 0.000000
total rho 0.000000
t in f 0.007518
external rho 0.000000
total rho 0.000000
t in f 0.007705
external rho 0.000000
total rho 0.000000
t in f 0.007705
external rho 0.000000
total rho 0.000000
t in f 0.008164
external rho 0.000000
total rho 0.000000
t in f 0.008393
external rho 0.000000
total rho 0.000000
t in f 0.009541
external rho 0.000000
total rho 0.000000
t in f 0.009745
external rho 0.000000
total rho 0.000000
t in f 0.010000
external rho 0.000000
total rho 0.000000
t in f 0.010000
external rho 0.000000
total rho 0.000000
timer time 0.010000
eqn time 0.010000
t in f 0.010000
external rho 0.000000
total rho 0.000000
t in f 0.012000
external rho 0.000000
total rho 0.000000
t in f 0.013000
external rho 0.000000
total rho 0.000000
t in f 0.018000
external rho 0.000000
total rho 0.000000
t in f 0.018889
external rho 0.000000
total rho 0.000000
t in f 0.020000
external rho 0.000000
total rho 0.000000
t in f 0.020000
external rho 0.000000
total rho 0.000000
t in f 0.011578
external rho 0.000000
total rho 0.000000
t in f 0.012366
external rho 0.000000
total rho 0.000000
t in f 0.016310
external rho 0.000000
total rho 0.000000
t in f 0.017011
external rho 0.000000
total rho 0.000000
t in f 0.017888
external rho 0.000000
total rho 0.000000
t in f 0.017888
external rho 0.000000
total rho 0.000000
t in f 0.011296
external rho 0.000000
total rho 0.000000
t in f 0.011943
external rho 0.000000
total rho 0.000000
t in f 0.015182
external rho 0.000000
total rho 0.000000
t in f 0.015758
external rho 0.000000
total rho 0.000000
t in f 0.016478
external rho 0.000000
total rho 0.000000
t in f 0.016478
external rho 0.000000
total rho 0.000000
t in f 0.011100
external rho 0.000000
total rho 0.000000
t in f 0.011650
external rho 0.000000
total rho 0.000000
t in f 0.014400
external rho 0.000000
total rho 0.000000
t in f 0.014889
external rho 0.000000
total rho 0.000000
t in f 0.015501
external rho 0.000000
total rho 0.000000
t in f 0.015501
external rho 0.000000
total rho 0.000000
t in f 0.010717
external rho 0.000000
total rho 0.000000
t in f 0.011075
external rho 0.000000
total rho 0.000000
t in f 0.012867
external rho 0.000000
total rho 0.000000
t in f 0.013186
external rho 0.000000
total rho 0.000000
t in f 0.013584
external rho 0.000000
total rho 0.000000
t in f 0.013584
external rho 0.000000
total rho 0.000000
t in f 0.014300
external rho 0.000000
total rho 0.000000
t in f 0.014659
external rho 0.000000
total rho 0.000000
t in f 0.016451
external rho 0.000000
total rho 0.000000
t in f 0.016769
external rho 0.000000
total rho 0.000000
t in f 0.017167
external rho 0.000000
total rho 0.000000
t in f 0.017167
external rho 0.000000
total rho 0.000000
t in f 0.017633
external rho 0.000000
total rho 0.000000
t in f 0.017866
external rho 0.000000
total rho 0.000000
t in f 0.019030
external rho 0.000000
total rho 0.000000
t in f 0.019237
external rho 0.000000
total rho 0.000000
t in f 0.019496
external rho 0.000000
total rho 0.000000
t in f 0.019496
external rho 0.000000
total rho 0.000000
t in f 0.019597
external rho 0.000000
total rho 0.000000
t in f 0.019647
external rho 0.000000
total rho 0.000000
t in f 0.019899
external rho 0.000000
total rho 0.000000
t in f 0.019944
external rho 0.000000
total rho 0.000000
t in f 0.020000
external rho 0.000000
total rho 0.000000
t in f 0.020000
external rho 0.000000
total rho 0.000000
timer time 0.020000
eqn time 0.020000
t in f 0.020000
external rho 0.000000
total rho 0.000000
t in f 0.021009
external rho 0.000000
total rho 0.000000
t in f 0.021513
external rho 0.000000
total rho 0.000000
t in f 0.024035
external rho 0.000000
total rho 0.000000
t in f 0.024483
external rho 0.000000
total rho 0.000000
t in f 0.025043
external rho 0.000000
total rho 0.000000
t in f 0.025043
external rho 0.000000
total rho 0.000000
t in f 0.020727
external rho 0.000000
total rho 0.000000
t in f 0.021090
external rho 0.000000
total rho 0.000000
t in f 0.022906
external rho 0.000000
total rho 0.000000
t in f 0.023229
external rho 0.000000
total rho 0.000000
t in f 0.023633
external rho 0.000000
total rho 0.000000
t in f 0.023633
external rho 0.000000
total rho 0.000000
t in f 0.024359
external rho 0.000000
total rho 0.000000
t in f 0.024723
external rho 0.000000
total rho 0.000000
t in f 0.026539
external rho 0.000000
total rho 0.000000
t in f 0.026862
external rho 0.000000
total rho 0.000000
t in f 0.027266
external rho 0.000000
total rho 0.000000
t in f 0.027266
external rho 0.000000
total rho 0.000000
t in f 0.027779
external rho 0.000000
total rho 0.000000
t in f 0.028035
external rho 0.000000
total rho 0.000000
t in f 0.029318
external rho 0.000000
total rho 0.000000
t in f 0.029546
external rho 0.000000
total rho 0.000000
t in f 0.029831
external rho 0.000000
total rho 0.000000
t in f 0.029831
external rho 0.000000
total rho 0.000000
t in f 0.029865
external rho 0.000000
total rho 0.000000
t in f 0.029881
external rho 0.000000
total rho 0.000000
t in f 0.029966
external rho 0.000000
total rho 0.000000
t in f 0.029981
external rho 0.000000
total rho 0.000000
t in f 0.030000
external rho 0.000000
total rho 0.000000
t in f 0.030000
external rho 0.000000
total rho 0.000000
timer time 0.030000
eqn time 0.030000
t in f 0.030000
external rho 0.000000
total rho 0.000000
t in f 0.030339
external rho 0.000000
total rho 0.000000
t in f 0.030508
external rho 0.000000
total rho 0.000000
t in f 0.031354
external rho 0.000000
total rho 0.000000
t in f 0.031505
external rho 0.000000
total rho 0.000000
t in f 0.031693
external rho 0.000000
total rho 0.000000
t in f 0.031693
external rho 0.000000
total rho 0.000000
t in f 0.033354
external rho 0.000000
total rho 0.000000
t in f 0.034185
external rho 0.000000
total rho 0.000000
t in f 0.038339
external rho 0.000000
total rho 0.000000
t in f 0.039077
external rho 0.000000
total rho 0.000000
t in f 0.040000
external rho 0.000000
total rho 0.000000
t in f 0.040000
external rho 0.000000
total rho 0.000000
timer time 0.040000
eqn time 0.040000
t in f 0.040000
external rho 0.000000
total rho 0.000000
t in f 0.041087
external rho 0.000000
total rho 0.000000
t in f 0.041630
external rho 0.000000
total rho 0.000000
t in f 0.044346
external rho 0.000000
total rho 0.000000
t in f 0.044829
external rho 0.000000
total rho 0.000000
t in f 0.045433
external rho 0.000000
total rho 0.000000
t in f 0.045433
external rho 0.000000
total rho 0.000000
t in f 0.040851
external rho 0.000000
total rho 0.000000
t in f 0.041277
external rho 0.000000
total rho 0.000000
t in f 0.043406
external rho 0.000000
total rho 0.000000
t in f 0.043784
external rho 0.000000
total rho 0.000000
t in f 0.044257
external rho 0.000000
total rho 0.000000
t in f 0.044257
external rho 0.000000
total rho 0.000000
t in f 0.045109
external rho 0.000000
total rho 0.000000
t in f 0.045535
external rho 0.000000
total rho 0.000000
t in f 0.047663
external rho 0.000000
total rho 0.000000
t in f 0.048042
external rho 0.000000
total rho 0.000000
t in f 0.048515
external rho 0.000000
total rho 0.000000
t in f 0.048515
external rho 0.000000
total rho 0.000000
t in f 0.048812
external rho 0.000000
total rho 0.000000
t in f 0.048960
external rho 0.000000
total rho 0.000000
t in f 0.049703
external rho 0.000000
total rho 0.000000
t in f 0.049835
external rho 0.000000
total rho 0.000000
t in f 0.050000
external rho 0.000000
total rho 0.000000
t in f 0.050000
external rho 0.000000
total rho 0.000000
timer time 0.050000
eqn time 0.050000
t in f 0.050000
external rho 0.000000
total rho 0.000000
t in f 0.052000
external rho 0.000000
total rho 0.000000
t in f 0.053000
external rho 0.000000
total rho 0.000000
t in f 0.058000
external rho 0.000000
total rho 0.000000
t in f 0.058889
external rho 0.000000
total rho 0.000000
t in f 0.060000
external rho 0.000000
total rho 0.000000
t in f 0.060000
external rho 0.000000
total rho 0.000000
timer time 0.060000
eqn time 0.060000
t in f 0.060000
external rho 0.000000
total rho 0.000000
t in f 0.061320
external rho 0.000000
total rho 0.000000
t in f 0.061980
external rho 0.000000
total rho 0.000000
t in f 0.065280
external rho 0.000000
total rho 0.000000
t in f 0.065867
external rho 0.000000
total rho 0.000000
t in f 0.066600
external rho 0.000000
total rho 0.000000
t in f 0.066600
external rho 0.000000
total rho 0.000000
t in f 0.067280
external rho 0.000000
total rho 0.000000
t in f 0.067620
external rho 0.000000
total rho 0.000000
t in f 0.069320
external rho 0.000000
total rho 0.000000
t in f 0.069622
external rho 0.000000
total rho 0.000000
t in f 0.070000
external rho 0.000000
total rho 0.000000
t in f 0.070000
external rho 0.000000
total rho 0.000000
timer time 0.070000
eqn time 0.070000
t in f 0.070000
external rho 0.000000
total rho 0.000000
t in f 0.072000
external rho 0.000000
total rho 0.000000
t in f 0.073000
external rho 0.000000
total rho 0.000000
t in f 0.078000
external rho 0.000000
total rho 0.000000
t in f 0.078889
external rho 0.000000
total rho 0.000000
t in f 0.080000
external rho 0.000000
total rho 0.000000
t in f 0.080000
external rho 0.000000
total rho 0.000000
timer time 0.080000
eqn time 0.080000
t in f 0.080000
external rho 0.000000
total rho 0.000000
t in f 0.081328
external rho 0.000000
total rho 0.000000
t in f 0.081991
external rho 0.000000
total rho 0.000000
t in f 0.085310
external rho 0.000000
total rho 0.000000
t in f 0.085900
external rho 0.000000
total rho 0.000000
t in f 0.086638
external rho 0.000000
total rho 0.000000
t in f 0.086638
external rho 0.000000
total rho 0.000000
t in f 0.087310
external rho 0.000000
total rho 0.000000
t in f 0.087647
external rho 0.000000
total rho 0.000000
t in f 0.089328
external rho 0.000000
total rho 0.000000
t in f 0.089626
external rho 0.000000
total rho 0.000000
t in f 0.090000
external rho 0.000000
total rho 0.000000
t in f 0.090000
external rho 0.000000
total rho 0.000000
timer time 0.090000
eqn time 0.090000
t in f 0.090000
external rho 0.000000
total rho 0.000000
t in f 0.092000
external rho 0.000000
total rho 0.000000
t in f 0.093000
external rho 0.000000
total rho 0.000000
t in f 0.098000
external rho 0.000000
total rho 0.000000
t in f 0.098889
external rho 0.000000
total rho 0.000000
t in f 0.100000
external rho 0.000000
total rho 0.000000
t in f 0.100000
external rho 0.000000
total rho 0.000000
timer time 0.100000
eqn time 0.100000
t in f 0.100000
external rho 0.000000
total rho 0.000000
t in f 0.101335
external rho 0.000000
total rho 0.000000
t in f 0.102002
external rho 0.000000
total rho 0.000000
t in f 0.105339
external rho 0.000000
total rho 0.000000
t in f 0.105932
external rho 0.000000
total rho 0.000000
t in f 0.106674
external rho 0.000000
total rho 0.000000
t in f 0.106674
external rho 0.000000
total rho 0.000000
t in f 0.107339
external rho 0.000000
total rho 0.000000
t in f 0.107672
external rho 0.000000
total rho 0.000000
t in f 0.109335
external rho 0.000000
total rho 0.000000
t in f 0.109630
external rho 0.000000
total rho 0.000000
t in f 0.110000
external rho 0.000000
total rho 0.000000
t in f 0.110000
external rho 0.000000
total rho 0.000000
timer time 0.110000
eqn time 0.110000
t in f 0.110000
external rho 0.000000
total rho 0.000000
t in f 0.112000
external rho 0.000000
total rho 0.000000
t in f 0.113000
external rho 0.000000
total rho 0.000000
t in f 0.118000
external rho 0.000000
total rho 0.000000
t in f 0.118889
external rho 0.000000
total rho 0.000000
t in f 0.120000
external rho 0.000000
total rho 0.000000
t in f 0.120000
external rho 0.000000
total rho 0.000000
timer time 0.120000
eqn time 0.120000
t in f 0.120000
external rho 0.000000
total rho 0.000000
t in f 0.121344
external rho 0.000000
total rho 0.000000
t in f 0.122016
external rho 0.000000
total rho 0.000000
t in f 0.125375
external rho 0.000000
total rho 0.000000
t in f 0.125973
external rho 0.000000
total rho 0.000000
t in f 0.126719
external rho 0.000000
total rho 0.000000
t in f 0.126719
external rho 0.000000
total rho 0.000000
t in f 0.127375
external rho 0.000000
total rho 0.000000
t in f 0.127703
external rho 0.000000
total rho 0.000000
t in f 0.129344
external rho 0.000000
total rho 0.000000
t in f 0.129635
external rho 0.000000
total rho 0.000000
t in f 0.130000
external rho 0.000000
total rho 0.000000
t in f 0.130000
external rho 0.000000
total rho 0.000000
timer time 0.130000
eqn time 0.130000
t in f 0.130000
external rho 0.000000
total rho 0.000000
t in f 0.132000
external rho 0.000000
total rho 0.000000
t in f 0.133000
external rho 0.000000
total rho 0.000000
t in f 0.138000
external rho 0.000000
total rho 0.000000
t in f 0.138889
external rho 0.000000
total rho 0.000000
t in f 0.140000
external rho 0.000000
total rho 0.000000
t in f 0.140000
external rho 0.000000
total rho 0.000000
timer time 0.140000
eqn time 0.140000
t in f 0.140000
external rho 0.000000
total rho 0.000000
t in f 0.141354
external rho 0.000000
total rho 0.000000
t in f 0.142031
external rho 0.000000
total rho 0.000000
t in f 0.145415
external rho 0.000000
total rho 0.000000
t in f 0.146016
external rho 0.000000
total rho 0.000000
t in f 0.146768
external rho 0.000000
total rho 0.000000
t in f 0.146768
external rho 0.000000
total rho 0.000000
t in f 0.147415
external rho 0.000000
total rho 0.000000
t in f 0.147738
external rho 0.000000
total rho 0.000000
t in f 0.149354
external rho 0.000000
total rho 0.000000
t in f 0.149641
external rho 0.000000
total rho 0.000000
t in f 0.150000
external rho 0.000000
total rho 0.000000
t in f 0.150000
external rho 0.000000
total rho 0.000000
timer time 0.150000
eqn time 0.150000
t in f 0.150000
external rho 0.000000
total rho 0.000000
t in f 0.152000
external rho 0.000000
total rho 0.000000
t in f 0.153000
external rho 0.000000
total rho 0.000000
t in f 0.158000
external rho 0.000000
total rho 0.000000
t in f 0.158889
external rho 0.000000
total rho 0.000000
t in f 0.160000
external rho 0.000000
total rho 0.000000
t in f 0.160000
external rho 0.000000
total rho 0.000000
timer time 0.160000
eqn time 0.160000
t in f 0.160000
external rho 0.000000
total rho 0.000000
t in f 0.161363
external rho 0.000000
total rho 0.000000
t in f 0.162045
external rho 0.000000
total rho 0.000000
t in f 0.165454
external rho 0.000000
total rho 0.000000
t in f 0.166060
external rho 0.000000
total rho 0.000000
t in f 0.166817
external rho 0.000000
total rho 0.000000
t in f 0.166817
external rho 0.000000
total rho 0.000000
t in f 0.167454
external rho 0.000000
total rho 0.000000
t in f 0.167772
external rho 0.000000
total rho 0.000000
t in f 0.169363
external rho 0.000000
total rho 0.000000
t in f 0.169646
external rho 0.000000
total rho 0.000000
t in f 0.170000
external rho 0.000000
total rho 0.000000
t in f 0.170000
external rho 0.000000
total rho 0.000000
timer time 0.170000
eqn time 0.170000
t in f 0.170000
external rho 0.000000
total rho 0.000000
t in f 0.172000
external rho 0.000000
total rho 0.000000
t in f 0.173000
external rho 0.000000
total rho 0.000000
t in f 0.178000
external rho 0.000000
total rho 0.000000
t in f 0.178889
external rho 0.000000
total rho 0.000000
t in f 0.180000
external rho 0.000000
total rho 0.000000
t in f 0.180000
external rho 0.000000
total rho 0.000000
timer time 0.180000
eqn time 0.180000
t in f 0.180000
external rho 0.000000
total rho 0.000000
t in f 0.181373
external rho 0.000000
total rho 0.000000
t in f 0.182059
external rho 0.000000
total rho 0.000000
t in f 0.185491
external rho 0.000000
total rho 0.000000
t in f 0.186101
external rho 0.000000
total rho 0.000000
t in f 0.186864
external rho 0.000000
total rho 0.000000
t in f 0.186864
external rho 0.000000
total rho 0.000000
t in f 0.187491
external rho 0.000000
total rho 0.000000
t in f 0.187805
external rho 0.000000
total rho 0.000000
t in f 0.189373
external rho 0.000000
total rho 0.000000
t in f 0.189652
external rho 0.000000
total rho 0.000000
t in f 0.190000
external rho 0.000000
total rho 0.000000
t in f 0.190000
external rho 0.000000
total rho 0.000000
timer time 0.190000
eqn time 0.190000
t in f 0.190000
external rho 0.000000
total rho 0.000000
t in f 0.192000
external rho 0.000000
total rho 0.000000
t in f 0.193000
external rho 0.000000
total rho 0.000000
t in f 0.198000
external rho 0.000000
total rho 0.000000
t in f 0.198889
external rho 0.000000
total rho 0.000000
t in f 0.200000
external rho 0.000000
total rho 0.000000
t in f 0.200000
external rho 0.000000
total rho 0.000000
timer time 0.200000
eqn time 0.200000
t in f 0.200000
external rho 0.000000
total rho 0.000000
t in f 0.201381
external rho 0.000000
total rho 0.000000
t in f 0.202072
external rho 0.000000
total rho 0.000000
t in f 0.205525
external rho 0.000000
total rho 0.000000
t in f 0.206139
external rho 0.000000
total rho 0.000000
t in f 0.206907
external rho 0.000000
total rho 0.000000
t in f 0.206907
external rho 0.000000
total rho 0.000000
t in f 0.207525
external rho 0.000000
total rho 0.000000
t in f 0.207835
external rho 0.000000
total rho 0.000000
t in f 0.209381
external rho 0.000000
total rho 0.000000
t in f 0.209656
external rho 0.000000
total rho 0.000000
t in f 0.210000
external rho 0.000000
total rho 0.000000
t in f 0.210000
external rho 0.000000
total rho 0.000000
timer time 0.210000
eqn time 0.210000
t in f 0.210000
external rho 0.000000
total rho 0.000000
t in f 0.212000
external rho 0.000000
total rho 0.000000
t in f 0.213000
external rho 0.000000
total rho 0.000000
t in f 0.218000
external rho 0.000000
total rho 0.000000
t in f 0.218889
external rho 0.000000
total rho 0.000000
t in f 0.220000
external rho 0.000000
total rho 0.000000
t in f 0.220000
external rho 0.000000
total rho 0.000000
timer time 0.220000
eqn time 0.220000
t in f 0.220000
external rho 0.000000
total rho 0.000000
t in f 0.221389
external rho 0.000000
total rho 0.000000
t in f 0.222084
external rho 0.000000
total rho 0.000000
t in f 0.225557
external rho 0.000000
total rho 0.000000
t in f 0.226174
external rho 0.000000
total rho 0.000000
t in f 0.226946
external rho 0.000000
total rho 0.000000
t in f 0.226946
external rho 0.000000
total rho 0.000000
t in f 0.227557
external rho 0.000000
total rho 0.000000
t in f 0.227862
external rho 0.000000
total rho 0.000000
t in f 0.229389
external rho 0.000000
total rho 0.000000
t in f 0.229661
external rho 0.000000
total rho 0.000000
t in f 0.230000
external rho 0.000000
total rho 0.000000
t in f 0.230000
external rho 0.000000
total rho 0.000000
timer time 0.230000
eqn time 0.230000
t in f 0.230000
external rho 0.000000
total rho 0.000000
t in f 0.232000
external rho 0.000000
total rho 0.000000
t in f 0.233000
external rho 0.000000
total rho 0.000000
t in f 0.238000
external rho 0.000000
total rho 0.000000
t in f 0.238889
external rho 0.000000
total rho 0.000000
t in f 0.240000
external rho 0.000000
total rho 0.000000
t in f 0.240000
external rho 0.000000
total rho 0.000000
timer time 0.240000
eqn time 0.240000
t in f 0.240000
external rho 0.000000
total rho 0.000000
t in f 0.241396
external rho 0.000000
total rho 0.000000
t in f 0.242094
external rho 0.000000
total rho 0.000000
t in f 0.245585
external rho 0.000000
total rho 0.000000
t in f 0.246206
external rho 0.000000
total rho 0.000000
t in f 0.246982
external rho 0.000000
total rho 0.000000
t in f 0.246982
external rho 0.000000
total rho 0.000000
t in f 0.247585
external rho 0.000000
total rho 0.000000
t in f 0.247887
external rho 0.000000
total rho 0.000000
t in f 0.249396
external rho 0.000000
total rho 0.000000
t in f 0.249665
external rho 0.000000
total rho 0.000000
t in f 0.250000
external rho 0.000000
total rho 0.000000
t in f 0.250000
external rho 0.000000
total rho 0.000000
timer time 0.250000
eqn time 0.250000
t in f 0.250000
external rho 0.000000
total rho 0.000000
t in f 0.252000
external rho 0.000000
total rho 0.000000
t in f 0.253000
external rho 0.000000
total rho 0.000000
t in f 0.258000
external rho 0.000000
total rho 0.000000
t in f 0.258889
external rho 0.000000
total rho 0.000000
t in f 0.260000
external rho 0.000000
total rho 0.000000
t in f 0.260000
external rho 0.000000
total rho 0.000000
timer time 0.260000
eqn time 0.260000
t in f 0.260000
external rho 0.000000
total rho 0.000000
t in f 0.261403
external rho 0.000000
total rho 0.000000
t in f 0.262104
external rho 0.000000
total rho 0.000000
t in f 0.265611
external rho 0.000000
total rho 0.000000
t in f 0.266234
external rho 0.000000
total rho 0.000000
t in f 0.267014
external rho 0.000000
total rho 0.000000
t in f 0.267014
external rho 0.000000
total rho 0.000000
t in f 0.267611
external rho 0.000000
total rho 0.000000
t in f 0.267910
external rho 0.000000
total rho 0.000000
t in f 0.269403
external rho 0.000000
total rho 0.000000
t in f 0.269668
external rho 0.000000
total rho 0.000000
t in f 0.270000
external rho 0.000000
total rho 0.000000
t in f 0.270000
external rho 0.000000
total rho 0.000000
timer time 0.270000
eqn time 0.270000
t in f 0.270000
external rho 0.000000
total rho 0.000000
t in f 0.272000
external rho 0.000000
total rho 0.000000
t in f 0.273000
external rho 0.000000
total rho 0.000000
t in f 0.278000
external rho 0.000000
total rho 0.000000
t in f 0.278889
external rho 0.000000
total rho 0.000000
t in f 0.280000
external rho 0.000000
total rho 0.000000
t in f 0.280000
external rho 0.000000
total rho 0.000000
timer time 0.280000
eqn time 0.280000
t in f 0.280000
external rho 0.000000
total rho 0.000000
t in f 0.281409
external rho 0.000000
total rho 0.000000
t in f 0.282113
external rho 0.000000
total rho 0.000000
t in f 0.285634
external rho 0.000000
total rho 0.000000
t in f 0.286260
external rho 0.000000
total rho 0.000000
t in f 0.287043
external rho 0.000000
total rho 0.000000
t in f 0.287043
external rho 0.000000
total rho 0.000000
t in f 0.287634
external rho 0.000000
total rho 0.000000
t in f 0.287930
external rho 0.000000
total rho 0.000000
t in f 0.289409
external rho 0.000000
total rho 0.000000
t in f 0.289671
external rho 0.000000
total rho 0.000000
t in f 0.290000
external rho 0.000000
total rho 0.000000
t in f 0.290000
external rho 0.000000
total rho 0.000000
timer time 0.290000
eqn time 0.290000
t in f 0.290000
external rho 0.000000
total rho 0.000000
t in f 0.292000
external rho 0.000000
total rho 0.000000
t in f 0.293000
external rho 0.000000
total rho 0.000000
t in f 0.298000
external rho 0.000000
total rho 0.000000
t in f 0.298889
external rho 0.000000
total rho 0.000000
t in f 0.300000
external rho 0.000000
total rho 0.000000
t in f 0.300000
external rho 0.000000
total rho 0.000000
timer time 0.300000
eqn time 0.300000
t in f 0.300000
external rho 0.000000
total rho 0.000000
t in f 0.301414
external rho 0.000000
total rho 0.000000
t in f 0.302121
external rho 0.000000
total rho 0.000000
t in f 0.305655
external rho 0.000000
total rho 0.000000
t in f 0.306284
external rho 0.000000
total rho 0.000000
t in f 0.307069
external rho 0.000000
total rho 0.000000
t in f 0.307069
external rho 0.000000
total rho 0.000000
t in f 0.307655
external rho 0.000000
total rho 0.000000
t in f 0.307948
external rho 0.000000
total rho 0.000000
t in f 0.309414
external rho 0.000000
total rho 0.000000
t in f 0.309674
external rho 0.000000
total rho 0.000000
t in f 0.310000
external rho 0.000000
total rho 0.000000
t in f 0.310000
external rho 0.000000
total rho 0.000000
timer time 0.310000
eqn time 0.310000
t in f 0.310000
external rho 0.000000
total rho 0.000000
t in f 0.312000
external rho 0.000000
total rho 0.000000
t in f 0.313000
external rho 0.000000
total rho 0.000000
t in f 0.318000
external rho 0.000000
total rho 0.000000
t in f 0.318889
external rho 0.000000
total rho 0.000000
t in f 0.320000
external rho 0.000000
total rho 0.000000
t in f 0.320000
external rho 0.000000
total rho 0.000000
timer time 0.320000
eqn time 0.320000
t in f 0.320000
external rho 0.000000
total rho 0.000000
t in f 0.321419
external rho 0.000000
total rho 0.000000
t in f 0.322128
external rho 0.000000
total rho 0.000000
t in f 0.325674
external rho 0.000000
total rho 0.000000
t in f 0.326305
external rho 0.000000
total rho 0.000000
t in f 0.327093
external rho 0.000000
total rho 0.000000
t in f 0.327093
external rho 0.000000
total rho 0.000000
t in f 0.327674
external rho 0.000000
total rho 0.000000
t in f 0.327965
external rho 0.000000
total rho 0.000000
t in f 0.329419
external rho 0.000000
total rho 0.000000
t in f 0.329677
external rho 0.000000
total rho 0.000000
t in f 0.330000
external rho 0.000000
total rho 0.000000
t in f 0.330000
external rho 0.000000
total rho 0.000000
timer time 0.330000
eqn time 0.330000
t in f 0.330000
external rho 0.000000
total rho 0.000000
t in f 0.332000
external rho 0.000000
total rho 0.000000
t in f 0.333000
external rho 0.000000
total rho 0.000000
t in f 0.338000
external rho 0.000000
total rho 0.000000
t in f 0.338889
external rho 0.000000
total rho 0.000000
t in f 0.340000
external rho 0.000000
total rho 0.000000
t in f 0.340000
external rho 0.000000
total rho 0.000000
timer time 0.340000
eqn time 0.340000
t in f 0.340000
external rho 0.000000
total rho 0.000000
t in f 0.341423
external rho 0.000000
total rho 0.000000
t in f 0.342134
external rho 0.000000
total rho 0.000000
t in f 0.345691
external rho 0.000000
total rho 0.000000
t in f 0.346324
external rho 0.000000
total rho 0.000000
t in f 0.347114
external rho 0.000000
total rho 0.000000
t in f 0.347114
external rho 0.000000
total rho 0.000000
t in f 0.347691
external rho 0.000000
total rho 0.000000
t in f 0.347980
external rho 0.000000
total rho 0.000000
t in f 0.349423
external rho 0.000000
total rho 0.000000
t in f 0.349679
external rho 0.000000
total rho 0.000000
t in f 0.350000
external rho 0.000000
total rho 0.000000
t in f 0.350000
external rho 0.000000
total rho 0.000000
timer time 0.350000
eqn time 0.350000
t in f 0.350000
external rho 0.000000
total rho 0.000000
t in f 0.352000
external rho 0.000000
total rho 0.000000
t in f 0.353000
external rho 0.000000
total rho 0.000000
t in f 0.358000
external rho 0.000000
total rho 0.000000
t in f 0.358889
external rho 0.000000
total rho 0.000000
t in f 0.360000
external rho 0.000000
total rho 0.000000
t in f 0.360000
external rho 0.000000
total rho 0.000000
timer time 0.360000
eqn time 0.360000
t in f 0.360000
external rho 0.000000
total rho 0.000000
t in f 0.361427
external rho 0.000000
total rho 0.000000
t in f 0.362140
external rho 0.000000
total rho 0.000000
t in f 0.365707
external rho 0.000000
total rho 0.000000
t in f 0.366341
external rho 0.000000
total rho 0.000000
t in f 0.367133
external rho 0.000000
total rho 0.000000
t in f 0.367133
external rho 0.000000
total rho 0.000000
t in f 0.367707
external rho 0.000000
total rho 0.000000
t in f 0.367993
external rho 0.000000
total rho 0.000000
t in f 0.369427
external rho 0.000000
total rho 0.000000
t in f 0.369681
external rho 0.000000
total rho 0.000000
t in f 0.370000
external rho 0.000000
total rho 0.000000
t in f 0.370000
external rho 0.000000
total rho 0.000000
timer time 0.370000
eqn time 0.370000
t in f 0.370000
external rho 0.000000
total rho 0.000000
t in f 0.372000
external rho 0.000000
total rho 0.000000
t in f 0.373000
external rho 0.000000
total rho 0.000000
t in f 0.378000
external rho 0.000000
total rho 0.000000
t in f 0.378889
external rho 0.000000
total rho 0.000000
t in f 0.380000
external rho 0.000000
total rho 0.000000
t in f 0.380000
external rho 0.000000
total rho 0.000000
timer time 0.380000
eqn time 0.380000
t in f 0.380000
external rho 0.000000
total rho 0.000000
t in f 0.381430
external rho 0.000000
total rho 0.000000
t in f 0.382145
external rho 0.000000
total rho 0.000000
t in f 0.385721
external rho 0.000000
total rho 0.000000
t in f 0.386357
external rho 0.000000
total rho 0.000000
t in f 0.387151
external rho 0.000000
total rho 0.000000
t in f 0.387151
external rho 0.000000
total rho 0.000000
t in f 0.387721
external rho 0.000000
total rho 0.000000
t in f 0.388006
external rho 0.000000
total rho 0.000000
t in f 0.389430
external rho 0.000000
total rho 0.000000
t in f 0.389683
external rho 0.000000
total rho 0.000000
t in f 0.390000
external rho 0.000000
total rho 0.000000
t in f 0.390000
external rho 0.000000
total rho 0.000000
timer time 0.390000
eqn time 0.390000
t in f 0.390000
external rho 0.000000
total rho 0.000000
t in f 0.392000
external rho 0.000000
total rho 0.000000
t in f 0.393000
external rho 0.000000
total rho 0.000000
t in f 0.398000
external rho 0.000000
total rho 0.000000
t in f 0.398889
external rho 0.000000
total rho 0.000000
t in f 0.400000
external rho 0.000000
total rho 0.000000
t in f 0.400000
external rho 0.000000
total rho 0.000000
timer time 0.400000
eqn time 0.400000
t in f 0.400000
external rho 0.000000
total rho 0.000000
t in f 0.401433
external rho 0.000000
total rho 0.000000
t in f 0.402150
external rho 0.000000
total rho 0.000000
t in f 0.405734
external rho 0.000000
total rho 0.000000
t in f 0.406371
external rho 0.000000
total rho 0.000000
t in f 0.407167
external rho 0.000000
total rho 0.000000
t in f 0.407167
external rho 0.000000
total rho 0.000000
t in f 0.407734
external rho 0.000000
total rho 0.000000
t in f 0.408017
external rho 0.000000
total rho 0.000000
t in f 0.409433
external rho 0.000000
total rho 0.000000
t in f 0.409685
external rho 0.000000
total rho 0.000000
t in f 0.410000
external rho 0.000000
total rho 0.000000
t in f 0.410000
external rho 0.000000
total rho 0.000000
timer time 0.410000
eqn time 0.410000
t in f 0.410000
external rho 0.000000
total rho 0.000000
t in f 0.412000
external rho 0.000000
total rho 0.000000
t in f 0.413000
external rho 0.000000
total rho 0.000000
t in f 0.418000
external rho 0.000000
total rho 0.000000
t in f 0.418889
external rho 0.000000
total rho 0.000000
t in f 0.420000
external rho 0.000000
total rho 0.000000
t in f 0.420000
external rho 0.000000
total rho 0.000000
timer time 0.420000
eqn time 0.420000
t in f 0.420000
external rho 0.000000
total rho 0.000000
t in f 0.421436
external rho 0.000000
total rho 0.000000
t in f 0.422155
external rho 0.000000
total rho 0.000000
t in f 0.425746
external rho 0.000000
total rho 0.000000
t in f 0.426384
external rho 0.000000
total rho 0.000000
t in f 0.427182
external rho 0.000000
total rho 0.000000
t in f 0.427182
external rho 0.000000
total rho 0.000000
t in f 0.427746
external rho 0.000000
total rho 0.000000
t in f 0.428028
external rho 0.000000
total rho 0.000000
t in f 0.429436
external rho 0.000000
total rho 0.000000
t in f 0.429687
external rho 0.000000
total rho 0.000000
t in f 0.430000
external rho 0.000000
total rho 0.000000
t in f 0.430000
external rho 0.000000
total rho 0.000000
timer time 0.430000
eqn time 0.430000
t in f 0.430000
external rho 0.000000
total rho 0.000000
t in f 0.432000
external rho 0.000000
total rho 0.000000
t in f 0.433000
external rho 0.000000
total rho 0.000000
t in f 0.438000
external rho 0.000000
total rho 0.000000
t in f 0.438889
external rho 0.000000
total rho 0.000000
t in f 0.440000
external rho 0.000000
total rho 0.000000
t in f 0.440000
external rho 0.000000
total rho 0.000000
timer time 0.440000
eqn time 0.440000
t in f 0.440000
external rho 0.000000
total rho 0.000000
t in f 0.441439
external rho 0.000000
total rho 0.000000
t in f 0.442159
external rho 0.000000
total rho 0.000000
t in f 0.445757
external rho 0.000000
total rho 0.000000
t in f 0.446397
external rho 0.000000
total rho 0.000000
t in f 0.447196
external rho 0.000000
total rho 0.000000
t in f 0.447196
external rho 0.000000
total rho 0.000000
t in f 0.447757
external rho 0.000000
total rho 0.000000
t in f 0.448037
external rho 0.000000
total rho 0.000000
t in f 0.449439
external rho 0.000000
total rho 0.000000
t in f 0.449688
external rho 0.000000
total rho 0.000000
t in f 0.450000
external rho 0.000000
total rho 0.000000
t in f 0.450000
external rho 0.000000
total rho 0.000000
timer time 0.450000
eqn time 0.450000
t in f 0.450000
external rho 0.000000
total rho 0.000000
t in f 0.452000
external rho 0.000000
total rho 0.000000
t in f 0.453000
external rho 0.000000
total rho 0.000000
t in f 0.458000
external rho 0.000000
total rho 0.000000
t in f 0.458889
external rho 0.000000
total rho 0.000000
t in f 0.460000
external rho 0.000000
total rho 0.000000
t in f 0.460000
external rho 0.000000
total rho 0.000000
timer time 0.460000
eqn time 0.460000
t in f 0.460000
external rho 0.000000
total rho 0.000000
t in f 0.461442
external rho 0.000000
total rho 0.000000
t in f 0.462163
external rho 0.000000
total rho 0.000000
t in f 0.465767
external rho 0.000000
total rho 0.000000
t in f 0.466408
external rho 0.000000
total rho 0.000000
t in f 0.467209
external rho 0.000000
total rho 0.000000
t in f 0.467209
external rho 0.000000
total rho 0.000000
t in f 0.467767
external rho 0.000000
total rho 0.000000
t in f 0.468046
external rho 0.000000
total rho 0.000000
t in f 0.469442
external rho 0.000000
total rho 0.000000
t in f 0.469690
external rho 0.000000
total rho 0.000000
t in f 0.470000
external rho 0.000000
total rho 0.000000
t in f 0.470000
external rho 0.000000
total rho 0.000000
timer time 0.470000
eqn time 0.470000
t in f 0.470000
external rho 0.000000
total rho 0.000000
t in f 0.472000
external rho 0.000000
total rho 0.000000
t in f 0.473000
external rho 0.000000
total rho 0.000000
t in f 0.478000
external rho 0.000000
total rho 0.000000
t in f 0.478889
external rho 0.000000
total rho 0.000000
t in f 0.480000
external rho 0.000000
total rho 0.000000
t in f 0.480000
external rho 0.000000
total rho 0.000000
timer time 0.480000
eqn time 0.480000
t in f 0.480000
external rho 0.000000
total rho 0.000000
t in f 0.481444
external rho 0.000000
total rho 0.000000
t in f 0.482166
external rho 0.000000
total rho 0.000000
t in f 0.485777
external rho 0.000000
total rho 0.000000
t in f 0.486419
external rho 0.000000
total rho 0.000000
t in f 0.487221
external rho 0.000000
total rho 0.000000
t in f 0.487221
external rho 0.000000
total rho 0.000000
t in f 0.487777
external rho 0.000000
total rho 0.000000
t in f 0.488055
external rho 0.000000
total rho 0.000000
t in f 0.489444
external rho 0.000000
total rho 0.000000
t in f 0.489691
external rho 0.000000
total rho 0.000000
t in f 0.490000
external rho 0.000000
total rho 0.000000
t in f 0.490000
external rho 0.000000
total rho 0.000000
timer time 0.490000
eqn time 0.490000
t in f 0.490000
external rho 0.000000
total rho 0.000000
t in f 0.492000
external rho 0.000000
total rho 0.000000
t in f 0.493000
external rho 0.000000
total rho 0.000000
t in f 0.498000
external rho 0.000000
total rho 0.000000
t in f 0.498889
external rho 0.000000
total rho 0.000000
t in f 0.500000
external rho 0.000000
total rho 0.000000
t in f 0.500000
external rho 0.000000
total rho 0.000000
timer time 0.500000
eqn time 0.500000
t in f 0.500000
external rho 0.000000
total rho 0.000000
t in f 0.501446
external rho 0.000000
total rho 0.000000
t in f 0.502170
external rho 0.000000
total rho 0.000000
t in f 0.505786
external rho 0.000000
total rho 0.000000
t in f 0.506429
external rho 0.000000
total rho 0.000000
t in f 0.507232
external rho 0.000000
total rho 0.000000
t in f 0.507232
external rho 0.000000
total rho 0.000000
t in f 0.507786
external rho 0.000000
total rho 0.000000
t in f 0.508063
external rho 0.000000
total rho 0.000000
t in f 0.509446
external rho 0.000000
total rho 0.000000
t in f 0.509692
external rho 0.000000
total rho 0.000000
t in f 0.510000
external rho 0.000000
total rho 0.000000
t in f 0.510000
external rho 0.000000
total rho 0.000000
timer time 0.510000
eqn time 0.510000
t in f 0.510000
external rho 0.000000
total rho 0.000000
t in f 0.512000
external rho 0.000000
total rho 0.000000
t in f 0.513000
external rho 0.000000
total rho 0.000000
t in f 0.518000
external rho 0.000000
total rho 0.000000
t in f 0.518889
external rho 0.000000
total rho 0.000000
t in f 0.520000
external rho 0.000000
total rho 0.000000
t in f 0.520000
external rho 0.000000
total rho 0.000000
timer time 0.520000
eqn time 0.520000
t in f 0.520000
external rho 0.000000
total rho 0.000000
t in f 0.521449
external rho 0.000000
total rho 0.000000
t in f 0.522173
external rho 0.000000
total rho 0.000000
t in f 0.525794
external rho 0.000000
total rho 0.000000
t in f 0.526438
external rho 0.000000
total rho 0.000000
t in f 0.527243
external rho 0.000000
total rho 0.000000
t in f 0.527243
external rho 0.000000
total rho 0.000000
t in f 0.527794
external rho 0.000000
total rho 0.000000
t in f 0.528070
external rho 0.000000
total rho 0.000000
t in f 0.529449
external rho 0.000000
total rho 0.000000
t in f 0.529694
external rho 0.000000
total rho 0.000000
t in f 0.530000
external rho 0.000000
total rho 0.000000
t in f 0.530000
external rho 0.000000
total rho 0.000000
timer time 0.530000
eqn time 0.530000
t in f 0.530000
external rho 0.000000
total rho 0.000000
t in f 0.532000
external rho 0.000000
total rho 0.000000
t in f 0.533000
external rho 0.000000
total rho 0.000000
t in f 0.538000
external rho 0.000000
total rho 0.000000
t in f 0.538889
external rho 0.000000
total rho 0.000000
t in f 0.540000
external rho 0.000000
total rho 0.000000
t in f 0.540000
external rho 0.000000
total rho 0.000000
timer time 0.540000
eqn time 0.540000
t in f 0.540000
external rho 0.000000
total rho 0.000000
t in f 0.541451
external rho 0.000000
total rho 0.000000
t in f 0.542176
external rho 0.000000
total rho 0.000000
t in f 0.545802
external rho 0.000000
total rho 0.000000
t in f 0.546447
external rho 0.000000
total rho 0.000000
t in f 0.547253
external rho 0.000000
total rho 0.000000
t in f 0.547253
external rho 0.000000
total rho 0.000000
t in f 0.547802
external rho 0.000000
total rho 0.000000
t in f 0.548077
external rho 0.000000
total rho 0.000000
t in f 0.549451
external rho 0.000000
total rho 0.000000
t in f 0.549695
external rho 0.000000
total rho 0.000000
t in f 0.550000
external rho 0.000000
total rho 0.000000
t in f 0.550000
external rho 0.000000
total rho 0.000000
timer time 0.550000
eqn time 0.550000
t in f 0.550000
external rho 0.000000
total rho 0.000000
t in f 0.552000
external rho 0.000000
total rho 0.000000
t in f 0.553000
external rho 0.000000
total rho 0.000000
t in f 0.558000
external rho 0.000000
total rho 0.000000
t in f 0.558889
external rho 0.000000
total rho 0.000000
t in f 0.560000
external rho 0.000000
total rho 0.000000
t in f 0.560000
external rho 0.000000
total rho 0.000000
timer time 0.560000
eqn time 0.560000
t in f 0.560000
external rho 0.000000
total rho 0.000000
t in f 0.561452
external rho 0.000000
total rho 0.000000
t in f 0.562179
external rho 0.000000
total rho 0.000000
t in f 0.565810
external rho 0.000000
total rho 0.000000
t in f 0.566455
external rho 0.000000
total rho 0.000000
t in f 0.567262
external rho 0.000000
total rho 0.000000
t in f 0.567262
external rho 0.000000
total rho 0.000000
t in f 0.567810
external rho 0.000000
total rho 0.000000
t in f 0.568084
external rho 0.000000
total rho 0.000000
t in f 0.569452
external rho 0.000000
total rho 0.000000
t in f 0.569696
external rho 0.000000
total rho 0.000000
t in f 0.570000
external rho 0.000000
total rho 0.000000
t in f 0.570000
external rho 0.000000
total rho 0.000000
timer time 0.570000
eqn time 0.570000
t in f 0.570000
external rho 0.000000
total rho 0.000000
t in f 0.572000
external rho 0.000000
total rho 0.000000
t in f 0.573000
external rho 0.000000
total rho 0.000000
t in f 0.578000
external rho 0.000000
total rho 0.000000
t in f 0.578889
external rho 0.000000
total rho 0.000000
t in f 0.580000
external rho 0.000000
total rho 0.000000
t in f 0.580000
external rho 0.000000
total rho 0.000000
timer time 0.580000
eqn time 0.580000
t in f 0.580000
external rho 0.000000
total rho 0.000000
t in f 0.581454
external rho 0.000000
total rho 0.000000
t in f 0.582181
external rho 0.000000
total rho 0.000000
t in f 0.585817
external rho 0.000000
total rho 0.000000
t in f 0.586463
external rho 0.000000
total rho 0.000000
t in f 0.587271
external rho 0.000000
total rho 0.000000
t in f 0.587271
external rho 0.000000
total rho 0.000000
t in f 0.587817
external rho 0.000000
total rho 0.000000
t in f 0.588090
external rho 0.000000
total rho 0.000000
t in f 0.589454
external rho 0.000000
total rho 0.000000
t in f 0.589697
external rho 0.000000
total rho 0.000000
t in f 0.590000
external rho 0.000000
total rho 0.000000
t in f 0.590000
external rho 0.000000
total rho 0.000000
timer time 0.590000
eqn time 0.590000
t in f 0.590000
external rho 0.000000
total rho 0.000000
t in f 0.592000
external rho 0.000000
total rho 0.000000
t in f 0.593000
external rho 0.000000
total rho 0.000000
t in f 0.598000
external rho 0.000000
total rho 0.000000
t in f 0.598889
external rho 0.000000
total rho 0.000000
t in f 0.600000
external rho 0.000000
total rho 0.000000
t in f 0.600000
external rho 0.000000
total rho 0.000000
timer time 0.600000
eqn time 0.600000
t in f 0.600000
external rho 0.000000
total rho 0.000000
t in f 0.601456
external rho 0.000000
total rho 0.000000
t in f 0.602184
external rho 0.000000
total rho 0.000000
t in f 0.605824
external rho 0.000000
total rho 0.000000
t in f 0.606471
external rho 0.000000
total rho 0.000000
t in f 0.607280
external rho 0.000000
total rho 0.000000
t in f 0.607280
external rho 0.000000
total rho 0.000000
t in f 0.607824
external rho 0.000000
total rho 0.000000
t in f 0.608096
external rho 0.000000
total rho 0.000000
t in f 0.609456
external rho 0.000000
total rho 0.000000
t in f 0.609698
external rho 0.000000
total rho 0.000000
t in f 0.610000
external rho 0.000000
total rho 0.000000
t in f 0.610000
external rho 0.000000
total rho 0.000000
timer time 0.610000
eqn time 0.610000
t in f 0.610000
external rho 0.000000
total rho 0.000000
t in f 0.612000
external rho 0.000000
total rho 0.000000
t in f 0.613000
external rho 0.000000
total rho 0.000000
t in f 0.618000
external rho 0.000000
total rho 0.000000
t in f 0.618889
external rho 0.000000
total rho 0.000000
t in f 0.620000
external rho 0.000000
total rho 0.000000
t in f 0.620000
external rho 0.000000
total rho 0.000000
timer time 0.620000
eqn time 0.620000
t in f 0.620000
external rho 0.000000
total rho 0.000000
t in f 0.621458
external rho 0.000000
total rho 0.000000
t in f 0.622186
external rho 0.000000
total rho 0.000000
t in f 0.625831
external rho 0.000000
total rho 0.000000
t in f 0.626478
external rho 0.000000
total rho 0.000000
t in f 0.627288
external rho 0.000000
total rho 0.000000
t in f 0.627288
external rho 0.000000
total rho 0.000000
t in f 0.627831
external rho 0.000000
total rho 0.000000
t in f 0.628102
external rho 0.000000
total rho 0.000000
t in f 0.629458
external rho 0.000000
total rho 0.000000
t in f 0.629699
external rho 0.000000
total rho 0.000000
t in f 0.630000
external rho 0.000000
total rho 0.000000
t in f 0.630000
external rho 0.000000
total rho 0.000000
timer time 0.630000
eqn time 0.630000
t in f 0.630000
external rho 0.000000
total rho 0.000000
t in f 0.632000
external rho 0.000000
total rho 0.000000
t in f 0.633000
external rho 0.000000
total rho 0.000000
t in f 0.638000
external rho 0.000000
total rho 0.000000
t in f 0.638889
external rho 0.000000
total rho 0.000000
t in f 0.640000
external rho 0.000000
total rho 0.000000
t in f 0.640000
external rho 0.000000
total rho 0.000000
timer time 0.640000
eqn time 0.640000
t in f 0.640000
external rho 0.000000
total rho 0.000000
t in f 0.641459
external rho 0.000000
total rho 0.000000
t in f 0.642189
external rho 0.000000
total rho 0.000000
t in f 0.645837
external rho 0.000000
total rho 0.000000
t in f 0.646486
external rho 0.000000
total rho 0.000000
t in f 0.647296
external rho 0.000000
total rho 0.000000
t in f 0.647296
external rho 0.000000
total rho 0.000000
t in f 0.647837
external rho 0.000000
total rho 0.000000
t in f 0.648107
external rho 0.000000
total rho 0.000000
t in f 0.649459
external rho 0.000000
total rho 0.000000
t in f 0.649700
external rho 0.000000
total rho 0.000000
t in f 0.650000
external rho 0.000000
total rho 0.000000
t in f 0.650000
external rho 0.000000
total rho 0.000000
timer time 0.650000
eqn time 0.650000
t in f 0.650000
external rho 0.000000
total rho 0.000000
t in f 0.652000
external rho 0.000000
total rho 0.000000
t in f 0.653000
external rho 0.000000
total rho 0.000000
t in f 0.658000
external rho 0.000000
total rho 0.000000
t in f 0.658889
external rho 0.000000
total rho 0.000000
t in f 0.660000
external rho 0.000000
total rho 0.000000
t in f 0.660000
external rho 0.000000
total rho 0.000000
timer time 0.660000
eqn time 0.660000
t in f 0.660000
external rho 0.000000
total rho 0.000000
t in f 0.661461
external rho 0.000000
total rho 0.000000
t in f 0.662191
external rho 0.000000
total rho 0.000000
t in f 0.665843
external rho 0.000000
total rho 0.000000
t in f 0.666493
external rho 0.000000
total rho 0.000000
t in f 0.667304
external rho 0.000000
total rho 0.000000
t in f 0.667304
external rho 0.000000
total rho 0.000000
t in f 0.667843
external rho 0.000000
total rho 0.000000
t in f 0.668113
external rho 0.000000
total rho 0.000000
t in f 0.669461
external rho 0.000000
total rho 0.000000
t in f 0.669700
external rho 0.000000
total rho 0.000000
t in f 0.670000
external rho 0.000000
total rho 0.000000
t in f 0.670000
external rho 0.000000
total rho 0.000000
timer time 0.670000
eqn time 0.670000
t in f 0.670000
external rho 0.000000
total rho 0.000000
t in f 0.672000
external rho 0.000000
total rho 0.000000
t in f 0.673000
external rho 0.000000
total rho 0.000000
t in f 0.678000
external rho 0.000000
total rho 0.000000
t in f 0.678889
external rho 0.000000
total rho 0.000000
t in f 0.680000
external rho 0.000000
total rho 0.000000
t in f 0.680000
external rho 0.000000
total rho 0.000000
timer time 0.680000
eqn time 0.680000
t in f 0.680000
external rho 0.000000
total rho 0.000000
t in f 0.681462
external rho 0.000000
total rho 0.000000
t in f 0.682193
external rho 0.000000
total rho 0.000000
t in f 0.685849
external rho 0.000000
total rho 0.000000
t in f 0.686499
external rho 0.000000
total rho 0.000000
t in f 0.687312
external rho 0.000000
total rho 0.000000
t in f 0.687312
external rho 0.000000
total rho 0.000000
t in f 0.687849
external rho 0.000000
total rho 0.000000
t in f 0.688118
external rho 0.000000
total rho 0.000000
t in f 0.689462
external rho 0.000000
total rho 0.000000
t in f 0.689701
external rho 0.000000
total rho 0.000000
t in f 0.690000
external rho 0.000000
total rho 0.000000
t in f 0.690000
external rho 0.000000
total rho 0.000000
timer time 0.690000
eqn time 0.690000
t in f 0.690000
external rho 0.000000
total rho 0.000000
t in f 0.692000
external rho 0.000000
total rho 0.000000
t in f 0.693000
external rho 0.000000
total rho 0.000000
t in f 0.698000
external rho 0.000000
total rho 0.000000
t in f 0.698889
external rho 0.000000
total rho 0.000000
t in f 0.700000
external rho 0.000000
total rho 0.000000
t in f 0.700000
external rho 0.000000
total rho 0.000000
timer time 0.700000
eqn time 0.700000
t in f 0.700000
external rho 0.000000
total rho 0.000000
t in f 0.701464
external rho 0.000000
total rho 0.000000
t in f 0.702196
external rho 0.000000
total rho 0.000000
t in f 0.705855
external rho 0.000000
total rho 0.000000
t in f 0.706506
external rho 0.000000
total rho 0.000000
t in f 0.707319
external rho 0.000000
total rho 0.000000
t in f 0.707319
external rho 0.000000
total rho 0.000000
t in f 0.707855
external rho 0.000000
total rho 0.000000
t in f 0.708123
external rho 0.000000
total rho 0.000000
t in f 0.709464
external rho 0.000000
total rho 0.000000
t in f 0.709702
external rho 0.000000
total rho 0.000000
t in f 0.710000
external rho 0.000000
total rho 0.000000
t in f 0.710000
external rho 0.000000
total rho 0.000000
timer time 0.710000
eqn time 0.710000
t in f 0.710000
external rho 0.000000
total rho 0.000000
t in f 0.712000
external rho 0.000000
total rho 0.000000
t in f 0.713000
external rho 0.000000
total rho 0.000000
t in f 0.718000
external rho 0.000000
total rho 0.000000
t in f 0.718889
external rho 0.000000
total rho 0.000000
t in f 0.720000
external rho 0.000000
total rho 0.000000
t in f 0.720000
external rho 0.000000
total rho 0.000000
timer time 0.720000
eqn time 0.720000
t in f 0.720000
external rho 0.000000
total rho 0.000000
t in f 0.721465
external rho 0.000000
total rho 0.000000
t in f 0.722198
external rho 0.000000
total rho 0.000000
t in f 0.725861
external rho 0.000000
total rho 0.000000
t in f 0.726512
external rho 0.000000
total rho 0.000000
t in f 0.727326
external rho 0.000000
total rho 0.000000
t in f 0.727326
external rho 0.000000
total rho 0.000000
t in f 0.727861
external rho 0.000000
total rho 0.000000
t in f 0.728128
external rho 0.000000
total rho 0.000000
t in f 0.729465
external rho 0.000000
total rho 0.000000
t in f 0.729703
external rho 0.000000
total rho 0.000000
t in f 0.730000
external rho 0.000000
total rho 0.000000
t in f 0.730000
external rho 0.000000
total rho 0.000000
timer time 0.730000
eqn time 0.730000
t in f 0.730000
external rho 0.000000
total rho 0.000000
t in f 0.732000
external rho 0.000000
total rho 0.000000
t in f 0.733000
external rho 0.000000
total rho 0.000000
t in f 0.738000
external rho 0.000000
total rho 0.000000
t in f 0.738889
external rho 0.000000
total rho 0.000000
t in f 0.740000
external rho 0.000000
total rho 0.000000
t in f 0.740000
external rho 0.000000
total rho 0.000000
timer time 0.740000
eqn time 0.740000
t in f 0.740000
external rho 0.000000
total rho 0.000000
t in f 0.741467
external rho 0.000000
total rho 0.000000
t in f 0.742200
external rho 0.000000
total rho 0.000000
t in f 0.745866
external rho 0.000000
total rho 0.000000
t in f 0.746518
external rho 0.000000
total rho 0.000000
t in f 0.747333
external rho 0.000000
total rho 0.000000
t in f 0.747333
external rho 0.000000
total rho 0.000000
t in f 0.747866
external rho 0.000000
total rho 0.000000
t in f 0.748133
external rho 0.000000
total rho 0.000000
t in f 0.749467
external rho 0.000000
total rho 0.000000
t in f 0.749704
external rho 0.000000
total rho 0.000000
t in f 0.750000
external rho 0.000000
total rho 0.000000
t in f 0.750000
external rho 0.000000
total rho 0.000000
timer time 0.750000
eqn time 0.750000
t in f 0.750000
external rho 0.000000
total rho 0.000000
t in f 0.752000
external rho 0.000000
total rho 0.000000
t in f 0.753000
external rho 0.000000
total rho 0.000000
t in f 0.758000
external rho 0.000000
total rho 0.000000
t in f 0.758889
external rho 0.000000
total rho 0.000000
t in f 0.760000
external rho 0.000000
total rho 0.000000
t in f 0.760000
external rho 0.000000
total rho 0.000000
timer time 0.760000
eqn time 0.760000
t in f 0.760000
external rho 0.000000
total rho 0.000000
t in f 0.761468
external rho 0.000000
total rho 0.000000
t in f 0.762202
external rho 0.000000
total rho 0.000000
t in f 0.765872
external rho 0.000000
total rho 0.000000
t in f 0.766524
external rho 0.000000
total rho 0.000000
t in f 0.767340
external rho 0.000000
total rho 0.000000
t in f 0.767340
external rho 0.000000
total rho 0.000000
t in f 0.767872
external rho 0.000000
total rho 0.000000
t in f 0.768138
external rho 0.000000
total rho 0.000000
t in f 0.769468
external rho 0.000000
total rho 0.000000
t in f 0.769704
external rho 0.000000
total rho 0.000000
t in f 0.770000
external rho 0.000000
total rho 0.000000
t in f 0.770000
external rho 0.000000
total rho 0.000000
timer time 0.770000
eqn time 0.770000
t in f 0.770000
external rho 0.000000
total rho 0.000000
t in f 0.772000
external rho 0.000000
total rho 0.000000
t in f 0.773000
external rho 0.000000
total rho 0.000000
t in f 0.778000
external rho 0.000000
total rho 0.000000
t in f 0.778889
external rho 0.000000
total rho 0.000000
t in f 0.780000
external rho 0.000000
total rho 0.000000
t in f 0.780000
external rho 0.000000
total rho 0.000000
timer time 0.780000
eqn time 0.780000
t in f 0.780000
external rho 0.000000
total rho 0.000000
t in f 0.781469
external rho 0.000000
total rho 0.000000
t in f 0.782204
external rho 0.000000
total rho 0.000000
t in f 0.785877
external rho 0.000000
total rho 0.000000
t in f 0.786530
external rho 0.000000
total rho 0.000000
t in f 0.787347
external rho 0.000000
total rho 0.000000
t in f 0.787347
external rho 0.000000
total rho 0.000000
t in f 0.787877
external rho 0.000000
total rho 0.000000
t in f 0.788143
external rho 0.000000
total rho 0.000000
t in f 0.789469
external rho 0.000000
total rho 0.000000
t in f 0.789705
external rho 0.000000
total rho 0.000000
t in f 0.790000
external rho 0.000000
total rho 0.000000
t in f 0.790000
external rho 0.000000
total rho 0.000000
timer time 0.790000
eqn time 0.790000
t in f 0.790000
external rho 0.000000
total rho 0.000000
t in f 0.792000
external rho 0.000000
total rho 0.000000
t in f 0.793000
external rho 0.000000
total rho 0.000000
t in f 0.798000
external rho 0.000000
total rho 0.000000
t in f 0.798889
external rho 0.000000
total rho 0.000000
t in f 0.800000
external rho 0.000000
total rho 0.000000
t in f 0.800000
external rho 0.000000
total rho 0.000000
timer time 0.800000
eqn time 0.800000
t in f 0.800000
external rho 0.000000
total rho 0.000000
t in f 0.801471
external rho 0.000000
total rho 0.000000
t in f 0.802206
external rho 0.000000
total rho 0.000000
t in f 0.805883
external rho 0.000000
total rho 0.000000
t in f 0.806536
external rho 0.000000
total rho 0.000000
t in f 0.807353
external rho 0.000000
total rho 0.000000
t in f 0.807353
external rho 0.000000
total rho 0.000000
t in f 0.807883
external rho 0.000000
total rho 0.000000
t in f 0.808147
external rho 0.000000
total rho 0.000000
t in f 0.809471
external rho 0.000000
total rho 0.000000
t in f 0.809706
external rho 0.000000
total rho 0.000000
t in f 0.810000
external rho 0.000000
total rho 0.000000
t in f 0.810000
external rho 0.000000
total rho 0.000000
timer time 0.810000
eqn time 0.810000
t in f 0.810000
external rho 0.000000
total rho 0.000000
t in f 0.812000
external rho 0.000000
total rho 0.000000
t in f 0.813000
external rho 0.000000
total rho 0.000000
t in f 0.818000
external rho 0.000000
total rho 0.000000
t in f 0.818889
external rho 0.000000
total rho 0.000000
t in f 0.820000
external rho 0.000000
total rho 0.000000
t in f 0.820000
external rho 0.000000
total rho 0.000000
timer time 0.820000
eqn time 0.820000
t in f 0.820000
external rho 0.000000
total rho 0.000000
t in f 0.821472
external rho 0.000000
total rho 0.000000
t in f 0.822208
external rho 0.000000
total rho 0.000000
t in f 0.825888
external rho 0.000000
total rho 0.000000
t in f 0.826542
external rho 0.000000
total rho 0.000000
t in f 0.827360
external rho 0.000000
total rho 0.000000
t in f 0.827360
external rho 0.000000
total rho 0.000000
t in f 0.827888
external rho 0.000000
total rho 0.000000
t in f 0.828152
external rho 0.000000
total rho 0.000000
t in f 0.829472
external rho 0.000000
total rho 0.000000
t in f 0.829707
external rho 0.000000
total rho 0.000000
t in f 0.830000
external rho 0.000000
total rho 0.000000
t in f 0.830000
external rho 0.000000
total rho 0.000000
timer time 0.830000
eqn time 0.830000
t in f 0.830000
external rho 0.000000
total rho 0.000000
t in f 0.832000
external rho 0.000000
total rho 0.000000
t in f 0.833000
external rho 0.000000
total rho 0.000000
t in f 0.838000
external rho 0.000000
total rho 0.000000
t in f 0.838889
external rho 0.000000
total rho 0.000000
t in f 0.840000
external rho 0.000000
total rho 0.000000
t in f 0.840000
external rho 0.000000
total rho 0.000000
timer time 0.840000
eqn time 0.840000
t in f 0.840000
external rho 0.000000
total rho 0.000000
t in f 0.841473
external rho 0.000000
total rho 0.000000
t in f 0.842210
external rho 0.000000
total rho 0.000000
t in f 0.845893
external rho 0.000000
total rho 0.000000
t in f 0.846547
external rho 0.000000
total rho 0.000000
t in f 0.847366
external rho 0.000000
total rho 0.000000
t in f 0.847366
external rho 0.000000
total rho 0.000000
t in f 0.847893
external rho 0.000000
total rho 0.000000
t in f 0.848156
external rho 0.000000
total rho 0.000000
t in f 0.849473
external rho 0.000000
total rho 0.000000
t in f 0.849707
external rho 0.000000
total rho 0.000000
t in f 0.850000
external rho 0.000000
total rho 0.000000
t in f 0.850000
external rho 0.000000
total rho 0.000000
timer time 0.850000
eqn time 0.850000
t in f 0.850000
external rho 0.000000
total rho 0.000000
t in f 0.852000
external rho 0.000000
total rho 0.000000
t in f 0.853000
external rho 0.000000
total rho 0.000000
t in f 0.858000
external rho 0.000000
total rho 0.000000
t in f 0.858889
external rho 0.000000
total rho 0.000000
t in f 0.860000
external rho 0.000000
total rho 0.000000
t in f 0.860000
external rho 0.000000
total rho 0.000000
timer time 0.860000
eqn time 0.860000
t in f 0.860000
external rho 0.000000
total rho 0.000000
t in f 0.861474
external rho 0.000000
total rho 0.000000
t in f 0.862212
external rho 0.000000
total rho 0.000000
t in f 0.865898
external rho 0.000000
total rho 0.000000
t in f 0.866553
external rho 0.000000
total rho 0.000000
t in f 0.867372
external rho 0.000000
total rho 0.000000
t in f 0.867372
external rho 0.000000
total rho 0.000000
t in f 0.867898
external rho 0.000000
total rho 0.000000
t in f 0.868161
external rho 0.000000
total rho 0.000000
t in f 0.869474
external rho 0.000000
total rho 0.000000
t in f 0.869708
external rho 0.000000
total rho 0.000000
t in f 0.870000
external rho 0.000000
total rho 0.000000
t in f 0.870000
external rho 0.000000
total rho 0.000000
timer time 0.870000
eqn time 0.870000
t in f 0.870000
external rho 0.000000
total rho 0.000000
t in f 0.872000
external rho 0.000000
total rho 0.000000
t in f 0.873000
external rho 0.000000
total rho 0.000000
t in f 0.878000
external rho 0.000000
total rho 0.000000
t in f 0.878889
external rho 0.000000
total rho 0.000000
t in f 0.880000
external rho 0.000000
total rho 0.000000
t in f 0.880000
external rho 0.000000
total rho 0.000000
timer time 0.880000
eqn time 0.880000
t in f 0.880000
external rho 0.000000
total rho 0.000000
t in f 0.881476
external rho 0.000000
total rho 0.000000
t in f 0.882213
external rho 0.000000
total rho 0.000000
t in f 0.885903
external rho 0.000000
total rho 0.000000
t in f 0.886558
external rho 0.000000
total rho 0.000000
t in f 0.887378
external rho 0.000000
total rho 0.000000
t in f 0.887378
external rho 0.000000
total rho 0.000000
t in f 0.887903
external rho 0.000000
total rho 0.000000
t in f 0.888165
external rho 0.000000
total rho 0.000000
t in f 0.889476
external rho 0.000000
total rho 0.000000
t in f 0.889709
external rho 0.000000
total rho 0.000000
t in f 0.890000
external rho 0.000000
total rho 0.000000
t in f 0.890000
external rho 0.000000
total rho 0.000000
timer time 0.890000
eqn time 0.890000
t in f 0.890000
external rho 0.000000
total rho 0.000000
t in f 0.892000
external rho 0.000000
total rho 0.000000
t in f 0.893000
external rho 0.000000
total rho 0.000000
t in f 0.898000
external rho 0.000000
total rho 0.000000
t in f 0.898889
external rho 0.000000
total rho 0.000000
t in f 0.900000
external rho 0.000000
total rho 0.000000
t in f 0.900000
external rho 0.000000
total rho 0.000000
timer time 0.900000
eqn time 0.900000
t in f 0.900000
external rho 0.000000
total rho 0.000000
t in f 0.901477
external rho 0.000000
total rho 0.000000
t in f 0.902215
external rho 0.000000
total rho 0.000000
t in f 0.905907
external rho 0.000000
total rho 0.000000
t in f 0.906564
external rho 0.000000
total rho 0.000000
t in f 0.907384
external rho 0.000000
total rho 0.000000
t in f 0.907384
external rho 0.000000
total rho 0.000000
t in f 0.907907
external rho 0.000000
total rho 0.000000
t in f 0.908169
external rho 0.000000
total rho 0.000000
t in f 0.909477
external rho 0.000000
total rho 0.000000
t in f 0.909709
external rho 0.000000
total rho 0.000000
t in f 0.910000
external rho 0.000000
total rho 0.000000
t in f 0.910000
external rho 0.000000
total rho 0.000000
timer time 0.910000
eqn time 0.910000
t in f 0.910000
external rho 0.000000
total rho 0.000000
t in f 0.912000
external rho 0.000000
total rho 0.000000
t in f 0.913000
external rho 0.000000
total rho 0.000000
t in f 0.918000
external rho 0.000000
total rho 0.000000
t in f 0.918889
external rho 0.000000
total rho 0.000000
t in f 0.920000
external rho 0.000000
total rho 0.000000
t in f 0.920000
external rho 0.000000
total rho 0.000000
timer time 0.920000
eqn time 0.920000
t in f 0.920000
external rho 0.000000
total rho 0.000000
t in f 0.921478
external rho 0.000000
total rho 0.000000
t in f 0.922217
external rho 0.000000
total rho 0.000000
t in f 0.925912
external rho 0.000000
total rho 0.000000
t in f 0.926569
external rho 0.000000
total rho 0.000000
t in f 0.927390
external rho 0.000000
total rho 0.000000
t in f 0.927390
external rho 0.000000
total rho 0.000000
t in f 0.927912
external rho 0.000000
total rho 0.000000
t in f 0.928173
external rho 0.000000
total rho 0.000000
t in f 0.929478
external rho 0.000000
total rho 0.000000
t in f 0.929710
external rho 0.000000
total rho 0.000000
t in f 0.930000
external rho 0.000000
total rho 0.000000
t in f 0.930000
external rho 0.000000
total rho 0.000000
timer time 0.930000
eqn time 0.930000
t in f 0.930000
external rho 0.000000
total rho 0.000000
t in f 0.932000
external rho 0.000000
total rho 0.000000
t in f 0.933000
external rho 0.000000
total rho 0.000000
t in f 0.938000
external rho 0.000000
total rho 0.000000
t in f 0.938889
external rho 0.000000
total rho 0.000000
t in f 0.940000
external rho 0.000000
total rho 0.000000
t in f 0.940000
external rho 0.000000
total rho 0.000000
timer time 0.940000
eqn time 0.940000
t in f 0.940000
external rho 0.000000
total rho 0.000000
t in f 0.941479
external rho 0.000000
total rho 0.000000
t in f 0.942219
external rho 0.000000
total rho 0.000000
t in f 0.945917
external rho 0.000000
total rho 0.000000
t in f 0.946574
external rho 0.000000
total rho 0.000000
t in f 0.947396
external rho 0.000000
total rho 0.000000
t in f 0.947396
external rho 0.000000
total rho 0.000000
t in f 0.947917
external rho 0.000000
total rho 0.000000
t in f 0.948177
external rho 0.000000
total rho 0.000000
t in f 0.949479
external rho 0.000000
total rho 0.000000
t in f 0.949711
external rho 0.000000
total rho 0.000000
t in f 0.950000
external rho 0.000000
total rho 0.000000
t in f 0.950000
external rho 0.000000
total rho 0.000000
timer time 0.950000
eqn time 0.950000
t in f 0.950000
external rho 0.000000
total rho 0.000000
t in f 0.952000
external rho 0.000000
total rho 0.000000
t in f 0.953000
external rho 0.000000
total rho 0.000000
t in f 0.958000
external rho 0.000000
total rho 0.000000
t in f 0.958889
external rho 0.000000
total rho 0.000000
t in f 0.960000
external rho 0.000000
total rho 0.000000
t in f 0.960000
external rho 0.000000
total rho 0.000000
timer time 0.960000
eqn time 0.960000
t in f 0.960000
external rho 0.000000
total rho 0.000000
t in f 0.961480
external rho 0.000000
total rho 0.000000
t in f 0.962221
external rho 0.000000
total rho 0.000000
t in f 0.965922
external rho 0.000000
total rho 0.000000
t in f 0.966580
external rho 0.000000
total